<?xml version="1.0" encoding="UTF-8"?>
<!-- Generated by org.testng.reporters.JUnitReportReporter -->
<testsuite skipped="0" hostname="YH1002746DT" name="Test.BasicOfSelenium" tests="2" failures="0" timestamp="23 Aug 2017 09:43:26 GMT" time="0.010" errors="0">
  <testcase name="Test1" time="0.009" classname="Test.BasicOfSelenium"/>
  <testcase name="TestSetup" time="0.001" classname="Test.BasicOfSelenium"/>
</testsuite> <!-- Test.BasicOfSelenium -->
